(---------------------------------------------------------------------)
(                                                                     )
(    Allegro Netrev Import Logic                                      )
(                                                                     )
(    Drawing          : PROJECT_PARTEA1.brd                           )
(    Software Version : 17.2S025                                      )
(    Date/Time        : Thu Dec 04 15:51:53 2025                      )
(                                                                     )
(---------------------------------------------------------------------)


------ Directives ------------

Ripup etch:                  No
Ripup delete first segment:  No
Ripup retain bondwire:       No
Ripup symbols:               Always
Missing symbol has error:    No
DRC update:                  Yes
Schematic directory:         'C:\USERS\ANNA CHIS\DESKTOP\ANUL III\PROJECT_CEF1\allegro'
Design Directory:            'C:/USERS/ANNA CHIS/DESKTOP/ANUL III/PROJECT_CEF1/allegro'
Old design name:             'C:/USERS/ANNA CHIS/DESKTOP/ANUL III/PROJECT_CEF1/allegro/PROJECT_PARTEA1.brd'
New design name:             'C:/USERS/ANNA CHIS/DESKTOP/ANUL III/PROJECT_CEF1/allegro/PROJECT_PARTEA1.brd'

CmdLine: netrev.exe -y 1 -n -u -i C:\USERS\ANNA CHIS\DESKTOP\ANUL III\PROJECT_CEF1\allegro C:\USERS\ANNA CHIS\DESKTOP\ANUL III\PROJECT_CEF1\allegro\PROJECT_PARTEA1.brd C:\USERS\ANNA CHIS\DESKTOP\ANUL III\PROJECT_CEF1\allegro\PROJECT_PARTEA1.brd

------ Preparing to read pst files ------

Starting to read C:/USERS/ANNA CHIS/DESKTOP/ANUL III/PROJECT_CEF1/allegro/pstchip.dat 
   Finished reading C:/USERS/ANNA CHIS/DESKTOP/ANUL III/PROJECT_CEF1/allegro/pstchip.dat (00:00:00.04)
Starting to read C:/USERS/ANNA CHIS/DESKTOP/ANUL III/PROJECT_CEF1/allegro/pstxprt.dat 
   Finished reading C:/USERS/ANNA CHIS/DESKTOP/ANUL III/PROJECT_CEF1/allegro/pstxprt.dat (00:00:00.00)
Starting to read C:/USERS/ANNA CHIS/DESKTOP/ANUL III/PROJECT_CEF1/allegro/pstxnet.dat 
   Finished reading C:/USERS/ANNA CHIS/DESKTOP/ANUL III/PROJECT_CEF1/allegro/pstxnet.dat (00:00:00.00)

------ Oversights/Warnings/Errors ------



Note: SECTION property definition created

------ Library Paths ------
MODULEPATH =  . 
           C:/Cadence/SPB_17.2/share/local/pcb/modules 

PSMPATH =  . 
           symbols 
           .. 
           ../symbols 
           C:/Cadence/SPB_17.2/share/local/pcb/symbols 
           C:/Cadence/SPB_17.2/share/pcb/pcb_lib/symbols 
           C:/Cadence/SPB_17.2/share/pcb/allegrolib/symbols 

PADPATH =  . 
           symbols 
           .. 
           ../symbols 
           C:/Cadence/SPB_17.2/share/local/pcb/padstacks 
           C:/Cadence/SPB_17.2/share/pcb/pcb_lib/symbols 
           C:/Cadence/SPB_17.2/share/pcb/allegrolib/symbols 


------ Summary Statistics ------


netrev run on Dec 4 15:51:53 2025
   DESIGN NAME : 'PROJECT_PARTEA1'
   PACKAGING ON Jul 30 2017 03:29:02

   COMPILE 'logic'
   CHECK_PIN_NAMES OFF
   CROSS_REFERENCE OFF
   FEEDBACK OFF
   INCREMENTAL OFF
   INTERFACE_TYPE PHYSICAL
   MAX_ERRORS 500
   MERGE_MINIMUM 5
   NET_NAME_CHARS '#%&()*+-./:=>?@[]^_`|'
   NET_NAME_LENGTH 24
   OVERSIGHTS ON
   REPLACE_CHECK OFF
   SINGLE_NODE_NETS ON
   SPLIT_MINIMUM 0
   SUPPRESS   20
   WARNINGS ON

 No error detected
 No oversight detected
 No warning detected

cpu time      0:00:55
elapsed time  0:00:00

